125 : 2021-07-13 07:52:03,305 : INFO : telemetry.main : Attempt start. Configuration directory [/home/chandrakant/.azure].
125 : 2021-07-13 07:52:03,306 : INFO : telemetry.check : Positive: The /home/chandrakant/.azure/telemetry.txt does not exist.
125 : 2021-07-13 07:52:03,306 : DEBUG : telemetry.note : acquiring lock
125 : 2021-07-13 07:52:03,306 : DEBUG : telemetry.note : acquired lock
125 : 2021-07-13 07:52:03,307 : INFO : telemetry.note : Update the note mtime to 2021-07-13 07:52:03.306984
125 : 2021-07-13 07:52:03,307 : WARNING : telemetry.note : Fail to parse or read the timestamp 'N/A' in the note file. Set the last send time to minimal. Reason: not readable
125 : 2021-07-13 07:52:03,307 : INFO : telemetry.records : No cache to be uploaded.
125 : 2021-07-13 07:52:03,307 : INFO : telemetry.client : Accumulated 0 events. Flush the clients.
125 : 2021-07-13 07:52:03,307 : INFO : telemetry.note : Update the last send in note to 0001-01-01 00:00:00
125 : 2021-07-13 07:52:03,307 : INFO : telemetry.note : Update the note mtime to 2021-07-13 07:52:03.307762
156 : 2021-07-13 08:02:08,928 : INFO : telemetry.main : Attempt start. Configuration directory [/home/chandrakant/.azure].
156 : 2021-07-13 08:02:08,929 : INFO : telemetry.check : Returns Positive.
156 : 2021-07-13 08:02:08,929 : DEBUG : telemetry.note : acquiring lock
156 : 2021-07-13 08:02:08,929 : DEBUG : telemetry.note : acquired lock
156 : 2021-07-13 08:02:08,929 : INFO : telemetry.note : Update the note mtime to 2021-07-13 08:02:08.929565
156 : 2021-07-13 08:02:08,932 : WARNING : telemetry.note : Fail to parse or read the timestamp '1-01-01T00:00:00' in the note file. Set the last send time to minimal. Reason: time data '1-01-01T00:00:00' does not match format '%Y-%m-%dT%H:%M:%S'
156 : 2021-07-13 08:02:08,932 : INFO : telemetry.records : No cache to be uploaded.
156 : 2021-07-13 08:02:08,932 : INFO : telemetry.client : Accumulated 0 events. Flush the clients.
156 : 2021-07-13 08:02:08,933 : INFO : telemetry.note : Update the last send in note to 0001-01-01 00:00:00
156 : 2021-07-13 08:02:08,933 : INFO : telemetry.note : Update the note mtime to 2021-07-13 08:02:08.933136
115 : 2021-07-16 06:29:04,839 : INFO : telemetry.main : Attempt start. Configuration directory [/home/chandrakant/.azure].
115 : 2021-07-16 06:29:04,846 : INFO : telemetry.check : Returns Positive.
115 : 2021-07-16 06:29:04,846 : DEBUG : telemetry.note : acquiring lock
115 : 2021-07-16 06:29:04,846 : DEBUG : telemetry.note : acquired lock
115 : 2021-07-16 06:29:04,846 : INFO : telemetry.note : Update the note mtime to 2021-07-16 06:29:04.846839
115 : 2021-07-16 06:29:04,854 : WARNING : telemetry.note : Fail to parse or read the timestamp '1-01-01T00:00:00' in the note file. Set the last send time to minimal. Reason: time data '1-01-01T00:00:00' does not match format '%Y-%m-%dT%H:%M:%S'
115 : 2021-07-16 06:29:04,854 : INFO : telemetry.records : No cache to be uploaded.
115 : 2021-07-16 06:29:04,854 : INFO : telemetry.client : Accumulated 0 events. Flush the clients.
115 : 2021-07-16 06:29:04,855 : INFO : telemetry.note : Update the last send in note to 0001-01-01 00:00:00
115 : 2021-07-16 06:29:04,855 : INFO : telemetry.note : Update the note mtime to 2021-07-16 06:29:04.855086
117 : 2021-07-16 09:00:35,362 : INFO : telemetry.main : Attempt start. Configuration directory [/home/chandrakant/.azure].
117 : 2021-07-16 09:00:35,365 : INFO : telemetry.check : Returns Positive.
117 : 2021-07-16 09:00:35,365 : DEBUG : telemetry.note : acquiring lock
117 : 2021-07-16 09:00:35,366 : DEBUG : telemetry.note : acquired lock
117 : 2021-07-16 09:00:35,367 : INFO : telemetry.note : Update the note mtime to 2021-07-16 09:00:35.367599
117 : 2021-07-16 09:00:35,392 : WARNING : telemetry.note : Fail to parse or read the timestamp '1-01-01T00:00:00' in the note file. Set the last send time to minimal. Reason: time data '1-01-01T00:00:00' does not match format '%Y-%m-%dT%H:%M:%S'
117 : 2021-07-16 09:00:35,392 : INFO : telemetry.records : No cache to be uploaded.
117 : 2021-07-16 09:00:35,392 : INFO : telemetry.client : Accumulated 0 events. Flush the clients.
117 : 2021-07-16 09:00:35,392 : INFO : telemetry.note : Update the last send in note to 0001-01-01 00:00:00
117 : 2021-07-16 09:00:35,393 : INFO : telemetry.note : Update the note mtime to 2021-07-16 09:00:35.393087
115 : 2021-07-19 04:39:09,396 : INFO : telemetry.main : Attempt start. Configuration directory [/home/chandrakant/.azure].
115 : 2021-07-19 04:39:09,405 : INFO : telemetry.check : Returns Positive.
115 : 2021-07-19 04:39:09,406 : DEBUG : telemetry.note : acquiring lock
115 : 2021-07-19 04:39:09,406 : DEBUG : telemetry.note : acquired lock
115 : 2021-07-19 04:39:09,406 : INFO : telemetry.note : Update the note mtime to 2021-07-19 04:39:09.406404
115 : 2021-07-19 04:39:09,438 : WARNING : telemetry.note : Fail to parse or read the timestamp '1-01-01T00:00:00' in the note file. Set the last send time to minimal. Reason: time data '1-01-01T00:00:00' does not match format '%Y-%m-%dT%H:%M:%S'
115 : 2021-07-19 04:39:09,438 : INFO : telemetry.records : No cache to be uploaded.
115 : 2021-07-19 04:39:09,438 : INFO : telemetry.client : Accumulated 0 events. Flush the clients.
115 : 2021-07-19 04:39:09,438 : INFO : telemetry.note : Update the last send in note to 0001-01-01 00:00:00
115 : 2021-07-19 04:39:09,438 : INFO : telemetry.note : Update the note mtime to 2021-07-19 04:39:09.438920
158 : 2021-07-19 04:49:58,118 : INFO : telemetry.main : Attempt start. Configuration directory [/home/chandrakant/.azure].
158 : 2021-07-19 04:49:58,119 : INFO : telemetry.check : Returns Positive.
158 : 2021-07-19 04:49:58,119 : DEBUG : telemetry.note : acquiring lock
158 : 2021-07-19 04:49:58,119 : DEBUG : telemetry.note : acquired lock
158 : 2021-07-19 04:49:58,119 : INFO : telemetry.note : Update the note mtime to 2021-07-19 04:49:58.119546
158 : 2021-07-19 04:49:58,122 : WARNING : telemetry.note : Fail to parse or read the timestamp '1-01-01T00:00:00' in the note file. Set the last send time to minimal. Reason: time data '1-01-01T00:00:00' does not match format '%Y-%m-%dT%H:%M:%S'
158 : 2021-07-19 04:49:58,122 : INFO : telemetry.records : No cache to be uploaded.
158 : 2021-07-19 04:49:58,122 : INFO : telemetry.client : Accumulated 0 events. Flush the clients.
158 : 2021-07-19 04:49:58,122 : INFO : telemetry.note : Update the last send in note to 0001-01-01 00:00:00
158 : 2021-07-19 04:49:58,122 : INFO : telemetry.note : Update the note mtime to 2021-07-19 04:49:58.122962
117 : 2021-07-19 06:47:28,449 : INFO : telemetry.main : Attempt start. Configuration directory [/home/chandrakant/.azure].
117 : 2021-07-19 06:47:28,473 : INFO : telemetry.check : Returns Positive.
117 : 2021-07-19 06:47:28,473 : DEBUG : telemetry.note : acquiring lock
117 : 2021-07-19 06:47:28,473 : DEBUG : telemetry.note : acquired lock
117 : 2021-07-19 06:47:28,473 : INFO : telemetry.note : Update the note mtime to 2021-07-19 06:47:28.473803
117 : 2021-07-19 06:47:28,495 : WARNING : telemetry.note : Fail to parse or read the timestamp '1-01-01T00:00:00' in the note file. Set the last send time to minimal. Reason: time data '1-01-01T00:00:00' does not match format '%Y-%m-%dT%H:%M:%S'
117 : 2021-07-19 06:47:28,495 : INFO : telemetry.records : No cache to be uploaded.
117 : 2021-07-19 06:47:28,495 : INFO : telemetry.client : Accumulated 0 events. Flush the clients.
117 : 2021-07-19 06:47:28,495 : INFO : telemetry.note : Update the last send in note to 0001-01-01 00:00:00
117 : 2021-07-19 06:47:28,495 : INFO : telemetry.note : Update the note mtime to 2021-07-19 06:47:28.495576
117 : 2021-07-19 09:57:13,457 : INFO : telemetry.main : Attempt start. Configuration directory [/home/chandrakant/.azure].
117 : 2021-07-19 09:57:13,481 : INFO : telemetry.check : Returns Positive.
117 : 2021-07-19 09:57:13,481 : DEBUG : telemetry.note : acquiring lock
117 : 2021-07-19 09:57:13,481 : DEBUG : telemetry.note : acquired lock
117 : 2021-07-19 09:57:13,481 : INFO : telemetry.note : Update the note mtime to 2021-07-19 09:57:13.481610
117 : 2021-07-19 09:57:13,564 : WARNING : telemetry.note : Fail to parse or read the timestamp '1-01-01T00:00:00' in the note file. Set the last send time to minimal. Reason: time data '1-01-01T00:00:00' does not match format '%Y-%m-%dT%H:%M:%S'
117 : 2021-07-19 09:57:13,564 : INFO : telemetry.records : No cache to be uploaded.
117 : 2021-07-19 09:57:13,564 : INFO : telemetry.client : Accumulated 0 events. Flush the clients.
117 : 2021-07-19 09:57:13,564 : INFO : telemetry.note : Update the last send in note to 0001-01-01 00:00:00
117 : 2021-07-19 09:57:13,564 : INFO : telemetry.note : Update the note mtime to 2021-07-19 09:57:13.564959
542 : 2021-07-19 11:15:21,839 : INFO : telemetry.main : Attempt start. Configuration directory [/home/chandrakant/.azure].
542 : 2021-07-19 11:15:21,840 : INFO : telemetry.check : Returns Positive.
542 : 2021-07-19 11:15:21,840 : DEBUG : telemetry.note : acquiring lock
542 : 2021-07-19 11:15:21,840 : DEBUG : telemetry.note : acquired lock
542 : 2021-07-19 11:15:21,840 : INFO : telemetry.note : Update the note mtime to 2021-07-19 11:15:21.840531
542 : 2021-07-19 11:15:21,842 : WARNING : telemetry.note : Fail to parse or read the timestamp '1-01-01T00:00:00' in the note file. Set the last send time to minimal. Reason: time data '1-01-01T00:00:00' does not match format '%Y-%m-%dT%H:%M:%S'
542 : 2021-07-19 11:15:21,842 : INFO : telemetry.records : No cache to be uploaded.
542 : 2021-07-19 11:15:21,842 : INFO : telemetry.client : Accumulated 0 events. Flush the clients.
542 : 2021-07-19 11:15:21,842 : INFO : telemetry.note : Update the last send in note to 0001-01-01 00:00:00
542 : 2021-07-19 11:15:21,842 : INFO : telemetry.note : Update the note mtime to 2021-07-19 11:15:21.842544
114 : 2021-07-19 16:17:22,923 : INFO : telemetry.main : Attempt start. Configuration directory [/home/chandrakant/.azure].
114 : 2021-07-19 16:17:22,945 : INFO : telemetry.check : Returns Positive.
114 : 2021-07-19 16:17:22,945 : DEBUG : telemetry.note : acquiring lock
114 : 2021-07-19 16:17:22,946 : DEBUG : telemetry.note : acquired lock
114 : 2021-07-19 16:17:22,946 : INFO : telemetry.note : Update the note mtime to 2021-07-19 16:17:22.946152
114 : 2021-07-19 16:17:22,956 : WARNING : telemetry.note : Fail to parse or read the timestamp '1-01-01T00:00:00' in the note file. Set the last send time to minimal. Reason: time data '1-01-01T00:00:00' does not match format '%Y-%m-%dT%H:%M:%S'
114 : 2021-07-19 16:17:22,956 : INFO : telemetry.records : No cache to be uploaded.
114 : 2021-07-19 16:17:22,956 : INFO : telemetry.client : Accumulated 0 events. Flush the clients.
114 : 2021-07-19 16:17:22,956 : INFO : telemetry.note : Update the last send in note to 0001-01-01 00:00:00
114 : 2021-07-19 16:17:22,956 : INFO : telemetry.note : Update the note mtime to 2021-07-19 16:17:22.956678
117 : 2021-07-20 09:21:37,615 : INFO : telemetry.main : Attempt start. Configuration directory [/home/chandrakant/.azure].
117 : 2021-07-20 09:21:37,618 : INFO : telemetry.check : Returns Positive.
117 : 2021-07-20 09:21:37,618 : DEBUG : telemetry.note : acquiring lock
117 : 2021-07-20 09:21:37,619 : DEBUG : telemetry.note : acquired lock
117 : 2021-07-20 09:21:37,619 : INFO : telemetry.note : Update the note mtime to 2021-07-20 09:21:37.619177
117 : 2021-07-20 09:21:37,638 : WARNING : telemetry.note : Fail to parse or read the timestamp '1-01-01T00:00:00' in the note file. Set the last send time to minimal. Reason: time data '1-01-01T00:00:00' does not match format '%Y-%m-%dT%H:%M:%S'
117 : 2021-07-20 09:21:37,638 : INFO : telemetry.records : No cache to be uploaded.
117 : 2021-07-20 09:21:37,638 : INFO : telemetry.client : Accumulated 0 events. Flush the clients.
117 : 2021-07-20 09:21:37,639 : INFO : telemetry.note : Update the last send in note to 0001-01-01 00:00:00
117 : 2021-07-20 09:21:37,639 : INFO : telemetry.note : Update the note mtime to 2021-07-20 09:21:37.639277
182 : 2021-07-20 09:35:59,945 : INFO : telemetry.main : Attempt start. Configuration directory [/home/chandrakant/.azure].
182 : 2021-07-20 09:35:59,945 : INFO : telemetry.check : Returns Positive.
182 : 2021-07-20 09:35:59,945 : DEBUG : telemetry.note : acquiring lock
182 : 2021-07-20 09:35:59,946 : DEBUG : telemetry.note : acquired lock
182 : 2021-07-20 09:35:59,946 : INFO : telemetry.note : Update the note mtime to 2021-07-20 09:35:59.946074
182 : 2021-07-20 09:35:59,947 : WARNING : telemetry.note : Fail to parse or read the timestamp '1-01-01T00:00:00' in the note file. Set the last send time to minimal. Reason: time data '1-01-01T00:00:00' does not match format '%Y-%m-%dT%H:%M:%S'
182 : 2021-07-20 09:35:59,947 : INFO : telemetry.records : No cache to be uploaded.
182 : 2021-07-20 09:35:59,948 : INFO : telemetry.client : Accumulated 0 events. Flush the clients.
182 : 2021-07-20 09:35:59,948 : INFO : telemetry.note : Update the last send in note to 0001-01-01 00:00:00
182 : 2021-07-20 09:35:59,948 : INFO : telemetry.note : Update the note mtime to 2021-07-20 09:35:59.948249
226 : 2021-07-20 09:56:39,492 : INFO : telemetry.main : Attempt start. Configuration directory [/home/chandrakant/.azure].
226 : 2021-07-20 09:56:39,492 : INFO : telemetry.check : Returns Positive.
226 : 2021-07-20 09:56:39,493 : DEBUG : telemetry.note : acquiring lock
226 : 2021-07-20 09:56:39,493 : DEBUG : telemetry.note : acquired lock
226 : 2021-07-20 09:56:39,493 : INFO : telemetry.note : Update the note mtime to 2021-07-20 09:56:39.493230
226 : 2021-07-20 09:56:39,494 : WARNING : telemetry.note : Fail to parse or read the timestamp '1-01-01T00:00:00' in the note file. Set the last send time to minimal. Reason: time data '1-01-01T00:00:00' does not match format '%Y-%m-%dT%H:%M:%S'
226 : 2021-07-20 09:56:39,495 : INFO : telemetry.records : No cache to be uploaded.
226 : 2021-07-20 09:56:39,495 : INFO : telemetry.client : Accumulated 0 events. Flush the clients.
226 : 2021-07-20 09:56:39,495 : INFO : telemetry.note : Update the last send in note to 0001-01-01 00:00:00
226 : 2021-07-20 09:56:39,495 : INFO : telemetry.note : Update the note mtime to 2021-07-20 09:56:39.495415
117 : 2021-07-26 06:33:10,033 : INFO : telemetry.main : Attempt start. Configuration directory [/home/chandrakant/.azure].
117 : 2021-07-26 06:33:10,045 : INFO : telemetry.check : Returns Positive.
117 : 2021-07-26 06:33:10,045 : DEBUG : telemetry.note : acquiring lock
117 : 2021-07-26 06:33:10,045 : DEBUG : telemetry.note : acquired lock
117 : 2021-07-26 06:33:10,045 : INFO : telemetry.note : Update the note mtime to 2021-07-26 06:33:10.045410
117 : 2021-07-26 06:33:10,058 : WARNING : telemetry.note : Fail to parse or read the timestamp '1-01-01T00:00:00' in the note file. Set the last send time to minimal. Reason: time data '1-01-01T00:00:00' does not match format '%Y-%m-%dT%H:%M:%S'
117 : 2021-07-26 06:33:10,058 : INFO : telemetry.records : No cache to be uploaded.
117 : 2021-07-26 06:33:10,058 : INFO : telemetry.client : Accumulated 0 events. Flush the clients.
117 : 2021-07-26 06:33:10,059 : INFO : telemetry.note : Update the last send in note to 0001-01-01 00:00:00
117 : 2021-07-26 06:33:10,059 : INFO : telemetry.note : Update the note mtime to 2021-07-26 06:33:10.059269
184 : 2021-07-26 06:43:28,165 : INFO : telemetry.main : Attempt start. Configuration directory [/home/chandrakant/.azure].
184 : 2021-07-26 06:43:28,165 : INFO : telemetry.check : Returns Positive.
184 : 2021-07-26 06:43:28,165 : DEBUG : telemetry.note : acquiring lock
184 : 2021-07-26 06:43:28,165 : DEBUG : telemetry.note : acquired lock
184 : 2021-07-26 06:43:28,165 : INFO : telemetry.note : Update the note mtime to 2021-07-26 06:43:28.165686
184 : 2021-07-26 06:43:28,167 : WARNING : telemetry.note : Fail to parse or read the timestamp '1-01-01T00:00:00' in the note file. Set the last send time to minimal. Reason: time data '1-01-01T00:00:00' does not match format '%Y-%m-%dT%H:%M:%S'
184 : 2021-07-26 06:43:28,167 : INFO : telemetry.records : No cache to be uploaded.
184 : 2021-07-26 06:43:28,167 : INFO : telemetry.client : Accumulated 0 events. Flush the clients.
184 : 2021-07-26 06:43:28,167 : INFO : telemetry.note : Update the last send in note to 0001-01-01 00:00:00
184 : 2021-07-26 06:43:28,167 : INFO : telemetry.note : Update the note mtime to 2021-07-26 06:43:28.167834
234 : 2021-07-26 07:01:43,640 : INFO : telemetry.main : Attempt start. Configuration directory [/home/chandrakant/.azure].
234 : 2021-07-26 07:01:43,640 : INFO : telemetry.check : Returns Positive.
234 : 2021-07-26 07:01:43,640 : DEBUG : telemetry.note : acquiring lock
234 : 2021-07-26 07:01:43,640 : DEBUG : telemetry.note : acquired lock
234 : 2021-07-26 07:01:43,640 : INFO : telemetry.note : Update the note mtime to 2021-07-26 07:01:43.640781
234 : 2021-07-26 07:01:43,642 : WARNING : telemetry.note : Fail to parse or read the timestamp '1-01-01T00:00:00' in the note file. Set the last send time to minimal. Reason: time data '1-01-01T00:00:00' does not match format '%Y-%m-%dT%H:%M:%S'
234 : 2021-07-26 07:01:43,642 : INFO : telemetry.records : No cache to be uploaded.
234 : 2021-07-26 07:01:43,642 : INFO : telemetry.client : Accumulated 0 events. Flush the clients.
234 : 2021-07-26 07:01:43,642 : INFO : telemetry.note : Update the last send in note to 0001-01-01 00:00:00
234 : 2021-07-26 07:01:43,642 : INFO : telemetry.note : Update the note mtime to 2021-07-26 07:01:43.642966
280 : 2021-07-26 07:36:50,378 : INFO : telemetry.main : Attempt start. Configuration directory [/home/chandrakant/.azure].
280 : 2021-07-26 07:36:50,378 : INFO : telemetry.check : Returns Positive.
280 : 2021-07-26 07:36:50,378 : DEBUG : telemetry.note : acquiring lock
280 : 2021-07-26 07:36:50,378 : DEBUG : telemetry.note : acquired lock
280 : 2021-07-26 07:36:50,378 : INFO : telemetry.note : Update the note mtime to 2021-07-26 07:36:50.378761
280 : 2021-07-26 07:36:50,380 : WARNING : telemetry.note : Fail to parse or read the timestamp '1-01-01T00:00:00' in the note file. Set the last send time to minimal. Reason: time data '1-01-01T00:00:00' does not match format '%Y-%m-%dT%H:%M:%S'
280 : 2021-07-26 07:36:50,380 : INFO : telemetry.records : No cache to be uploaded.
280 : 2021-07-26 07:36:50,380 : INFO : telemetry.client : Accumulated 0 events. Flush the clients.
280 : 2021-07-26 07:36:50,380 : INFO : telemetry.note : Update the last send in note to 0001-01-01 00:00:00
280 : 2021-07-26 07:36:50,380 : INFO : telemetry.note : Update the note mtime to 2021-07-26 07:36:50.380939
